{"numTotalTestSuites":5,"numPassedTestSuites":1,"numFailedTestSuites":4,"numPendingTestSuites":0,"numTotalTests":3,"numPassedTests":1,"numFailedTests":2,"numPendingTests":0,"numTodoTests":0,"snapshot":{"added":0,"failure":false,"filesAdded":0,"filesRemoved":0,"filesRemovedList":[],"filesUnmatched":0,"filesUpdated":0,"matched":0,"total":0,"unchecked":0,"uncheckedKeysByFile":[],"unmatched":0,"updated":0,"didUpdate":false},"startTime":1773679096155,"success":false,"testResults":[{"assertionResults":[{"ancestorTitles":["Diagnosis Validation on Synthetic Datasets","Dataset A: High Drawdown (200 trades)"],"fullName":"Diagnosis Validation on Synthetic Datasets Dataset A: High Drawdown (200 trades) should correctly classify the edge and flag high risk","status":"failed","title":"should correctly classify the edge and flag high risk","duration":78.10069999999999,"failureMessages":["AssertionError: expected 10.6 to be greater than 20\n    at C:/Users/Admin/Desktop/Proyectos/NodoQuant/tests/analyzer/diagnosis_validation.test.ts:21:51\n    at file:///C:/Users/Admin/Desktop/Proyectos/NodoQuant/node_modules/@vitest/runner/dist/index.js:296:11\n    at file:///C:/Users/Admin/Desktop/Proyectos/NodoQuant/node_modules/@vitest/runner/dist/index.js:1258:26\n    at file:///C:/Users/Admin/Desktop/Proyectos/NodoQuant/node_modules/@vitest/runner/dist/index.js:1681:20\n    at new Promise (<anonymous>)\n    at runWithCancel (file:///C:/Users/Admin/Desktop/Proyectos/NodoQuant/node_modules/@vitest/runner/dist/index.js:1678:10)\n    at file:///C:/Users/Admin/Desktop/Proyectos/NodoQuant/node_modules/@vitest/runner/dist/index.js:1660:20\n    at new Promise (<anonymous>)\n    at runWithTimeout (file:///C:/Users/Admin/Desktop/Proyectos/NodoQuant/node_modules/@vitest/runner/dist/index.js:1627:10)\n    at file:///C:/Users/Admin/Desktop/Proyectos/NodoQuant/node_modules/@vitest/runner/dist/index.js:2309:64"],"meta":{},"tags":[]},{"ancestorTitles":["Diagnosis Validation on Synthetic Datasets","Dataset B: Overfitted Strategy (80 trades)"],"fullName":"Diagnosis Validation on Synthetic Datasets Dataset B: Overfitted Strategy (80 trades) should assign a Weak Edge verdict due to sample limitations","status":"failed","title":"should assign a Weak Edge verdict due to sample limitations","duration":23.206199999999967,"failureMessages":["AssertionError: expected 85 to be less than 80\n    at C:/Users/Admin/Desktop/Proyectos/NodoQuant/tests/analyzer/diagnosis_validation.test.ts:39:54\n    at file:///C:/Users/Admin/Desktop/Proyectos/NodoQuant/node_modules/@vitest/runner/dist/index.js:296:11\n    at file:///C:/Users/Admin/Desktop/Proyectos/NodoQuant/node_modules/@vitest/runner/dist/index.js:1258:26\n    at file:///C:/Users/Admin/Desktop/Proyectos/NodoQuant/node_modules/@vitest/runner/dist/index.js:1681:20\n    at new Promise (<anonymous>)\n    at runWithCancel (file:///C:/Users/Admin/Desktop/Proyectos/NodoQuant/node_modules/@vitest/runner/dist/index.js:1678:10)\n    at file:///C:/Users/Admin/Desktop/Proyectos/NodoQuant/node_modules/@vitest/runner/dist/index.js:1660:20\n    at new Promise (<anonymous>)\n    at runWithTimeout (file:///C:/Users/Admin/Desktop/Proyectos/NodoQuant/node_modules/@vitest/runner/dist/index.js:1627:10)\n    at file:///C:/Users/Admin/Desktop/Proyectos/NodoQuant/node_modules/@vitest/runner/dist/index.js:2309:64"],"meta":{},"tags":[]},{"ancestorTitles":["Diagnosis Validation on Synthetic Datasets","Dataset C: Edge Decay Strategy (150 trades)"],"fullName":"Diagnosis Validation on Synthetic Datasets Dataset C: Edge Decay Strategy (150 trades) should detect degradation in edge stability","status":"passed","title":"should detect degradation in edge stability","duration":48.664199999999994,"failureMessages":[],"meta":{},"tags":[]}],"startTime":1773679096810,"endTime":1773679096960.6643,"status":"failed","message":"","name":"C:/Users/Admin/Desktop/Proyectos/NodoQuant/tests/analyzer/diagnosis_validation.test.ts"}]}
